<?xml version="1.0" encoding="UTF-8"?>
<!-- Generated by org.testng.reporters.JUnitReportReporter -->
<testsuite hostname="user-PC" failures="0" tests="3" name="com.amazon.TestCases.TC_AccountCreation" time="87.306" errors="0" timestamp="2023-12-18T19:27:29 IST" skipped="0">
  <testcase classname="com.amazon.TestCases.TC_AccountCreation" name="VerifyCreationAccount_byproviding_emptyfields" time="24.977"/>
  <testcase classname="com.amazon.TestCases.TC_AccountCreation" name="VerifyCreationAccount_byproviding_allfields" time="24.219"/>
  <testcase classname="com.amazon.TestCases.TC_AccountCreation" name="VerifyexistanceemailAccount" time="38.110"/>
</testsuite> <!-- com.amazon.TestCases.TC_AccountCreation -->
